[2026-04-05 02:11:19Z] Watch Test (/tmp/watch-test.toml) — ok
  merged: marker
  sentrux: 6899 -> 6899

[2026-04-05 02:20:14Z] Fix None stringification in emit_event (dogfood.toml) — ok
  merged: fix-emit, add-test
  sentrux: 6899 -> 6902

[2026-04-05 02:39:03Z] Clean Watch Verification (/tmp/clean-run.toml) — ok
  merged: create-util, test-util
  sentrux: 6904 -> 6902

[2026-04-05 02:45:48Z] Watch Format Test (/tmp/format-test.toml) — fail
  merged: write-marker
  failed: verify-marker
  sentrux: 6889 -> 6889

[2026-04-05 02:48:18Z] Final Watch Test (/tmp/final-watch.toml) — ok
  merged: create-file, add-line
  sentrux: 6889 -> 6889

[2026-04-05 02:57:15Z] Color Test (/tmp/color-test.toml) — ok
  merged: write-it, read-it
  sentrux: 6887 -> 6887

[2026-04-07 02:00:31Z] close-quality-gap (.dgov/plans/close-quality-gap/_compiled.toml) — fail
  merged: sops/minimal-edits.add-edit-rule, tests/add-coverage.actions, tests/add-coverage.persistence-events
  failed: tests/add-coverage.worktree
  sentrux: 6665 -> 6679

[2026-04-07 02:29:34Z] cli-improvements (.dgov/plans/cli-improvements/_compiled.toml) — fail
  merged: cli/features.init-plan, cli/features.run-only, test/cli-tests.test-init-plan
  failed: test/cli-tests.test-run-only
  sentrux: 6642 -> 6635

[2026-04-07 02:32:24Z] filter-test (/private/var/folders/dx/76plk8g915nf9t5jhg12p4kw0000gn/T/pytest-of-jakegearon/pytest-212/test_run_only_filters_plan0/plan.toml) — fail
  failed: a
  sentrux: 6636 -> 6636

[2026-04-07 02:47:01Z] test-retry (.dgov/plans/test-retry/_compiled.toml) — fail
  failed: feature/improvements.compile-graph
  sentrux: 6634 -> 6634

[2026-04-07 02:47:55Z] test-retry (.dgov/plans/test-retry/_compiled.toml) — fail
  failed: feature/improvements.compile-graph
  sentrux: 6634 -> 6634

[2026-04-07 02:52:10Z] test-retry (.dgov/plans/test-retry/_compiled.toml) — fail
  failed: feature/improvements.compile-graph
  sentrux: 6634 -> 6634

[2026-04-07 02:52:45Z] filter-test (/private/var/folders/dx/76plk8g915nf9t5jhg12p4kw0000gn/T/pytest-of-jakegearon/pytest-219/test_run_only_filters_plan0/plan.toml) — fail
  failed: a
  sentrux: 6628 -> 6628

[2026-04-07 03:04:36Z] watch-settlement (.dgov/plans/watch-settlement/_compiled.toml) — ok
  merged: cli/render.render-settlement-retry, test/coverage.test-retry-format
  sentrux: 6622 -> 6621

[2026-04-07 03:04:55Z] filter-test (/private/var/folders/dx/76plk8g915nf9t5jhg12p4kw0000gn/T/pytest-of-jakegearon/pytest-224/test_run_only_filters_plan0/plan.toml) — fail
  failed: a
  sentrux: 6621 -> 6621

[2026-04-07 03:25:36Z] filter-test (/private/var/folders/dx/76plk8g915nf9t5jhg12p4kw0000gn/T/pytest-of-jakegearon/pytest-226/test_run_only_filters_plan0/plan.toml) — fail
  failed: a
  sentrux: 6864 -> 6864

[2026-04-07 03:25:51Z] filter-test (/private/var/folders/dx/76plk8g915nf9t5jhg12p4kw0000gn/T/pytest-of-jakegearon/pytest-227/test_run_only_filters_plan0/plan.toml) — fail
  failed: a
  sentrux: 6864 -> 6864

[2026-04-07 03:29:14Z] filter-test (/private/var/folders/dx/76plk8g915nf9t5jhg12p4kw0000gn/T/pytest-of-jakegearon/pytest-228/test_run_only_filters_plan0/plan.toml) — fail
  failed: a
  sentrux: 6864 -> 6864

[2026-04-07 03:29:53Z] filter-test (/private/var/folders/dx/76plk8g915nf9t5jhg12p4kw0000gn/T/pytest-of-jakegearon/pytest-229/test_run_only_filters_plan0/plan.toml) — fail
  failed: a
  sentrux: 6864 -> 6864

[2026-04-07 03:57:58Z] filter-test (/private/var/folders/dx/76plk8g915nf9t5jhg12p4kw0000gn/T/pytest-of-jakegearon/pytest-230/test_run_only_filters_plan0/plan.toml) — fail
  failed: a
  sentrux: 7605 -> 7605

[2026-04-07 04:11:17Z] dogfood-fail-test (tests/dogfood_fail.toml) — fail
  failed: fail-task
  sentrux: 7605 -> 7605

[2026-04-07 04:12:31Z] dogfood-fail-test (tests/dogfood_fail.toml) — fail
  failed: fail-task
  sentrux: 7605 -> 7605

[2026-04-07 04:13:14Z] dogfood-fail-test (tests/dogfood_fail.toml) — fail
  failed: fail-task
  sentrux: 7605 -> 7605

[2026-04-07 15:26:46Z] filter-test (/private/var/folders/dx/76plk8g915nf9t5jhg12p4kw0000gn/T/pytest-of-jakegearon/pytest-243/test_run_only_filters_plan0/plan.toml) — fail
  failed: a
  sentrux: 7373 -> 7373

[2026-04-07 17:03:22Z] filter-test (/private/var/folders/dx/76plk8g915nf9t5jhg12p4kw0000gn/T/pytest-of-jakegearon/pytest-247/test_run_only_filters_plan0/plan.toml) — fail
  failed: a
  sentrux: 7374 -> 7374

[2026-04-07 17:20:24Z] filter-test (/private/var/folders/dx/76plk8g915nf9t5jhg12p4kw0000gn/T/pytest-of-jakegearon/pytest-248/test_run_only_filters_plan0/plan.toml) — fail
  failed: a
  sentrux: 7374 -> 7374

[2026-04-07 17:45:17Z] filter-test (/private/var/folders/dx/76plk8g915nf9t5jhg12p4kw0000gn/T/pytest-of-jakegearon/pytest-252/test_run_only_filters_plan0/plan.toml) — fail
  failed: a
  sentrux: 7349 -> 7349

[2026-04-07 17:45:40Z] filter-test (/private/var/folders/dx/76plk8g915nf9t5jhg12p4kw0000gn/T/pytest-of-jakegearon/pytest-253/test_run_only_filters_plan0/plan.toml) — fail
  failed: a
  sentrux: 7349 -> 7349

[2026-04-07 17:46:21Z] filter-test (/private/var/folders/dx/76plk8g915nf9t5jhg12p4kw0000gn/T/pytest-of-jakegearon/pytest-254/test_run_only_filters_plan0/plan.toml) — fail
  failed: a
  sentrux: 7349 -> 7349

[2026-04-07 17:54:19Z] filter-test (/private/var/folders/dx/76plk8g915nf9t5jhg12p4kw0000gn/T/pytest-of-jakegearon/pytest-256/test_run_only_filters_plan0/plan.toml) — fail
  failed: a
  sentrux: 7349 -> 7349

[2026-04-07 17:55:27Z] filter-test (/private/var/folders/dx/76plk8g915nf9t5jhg12p4kw0000gn/T/pytest-of-jakegearon/pytest-257/test_run_only_filters_plan0/plan.toml) — fail
  failed: a
  sentrux: 7350 -> 7350

[2026-04-07 21:41:23Z] task-timing (plan_timing.toml) — fail (3.76s)
  failed: track_timing
  sentrux: 7334 -> 7334

[2026-04-07 21:41:35Z] task-timing (plan_timing.toml) — fail (0.0s)
  failed: track_timing
  sentrux: 7334 -> 7334

[2026-04-07 21:43:59Z] task-timing (plan_timing.toml) — fail (126.41s)
  failed: track_timing
  sentrux: 7334 -> 7334

[2026-04-07 23:17:03Z] flesh-out-docs (plan_docs.toml) — ok (67.63s)
  merged: cli_reference, plan_reference, update_config
  durations: cli_reference: 42.28s, plan_reference: 48.04s, update_config: 11.19s
  sentrux: 2316 -> 2316

[2026-04-07 23:18:51Z] filter-test (/private/var/folders/dx/76plk8g915nf9t5jhg12p4kw0000gn/T/pytest-of-jakegearon/pytest-286/test_run_only_filters_plan0/plan.toml) — fail (0.0s)
  failed: a
  sentrux: 2304 -> 2316

[2026-04-07 23:47:23Z] filter-test (/private/var/folders/dx/76plk8g915nf9t5jhg12p4kw0000gn/T/pytest-of-jakegearon/pytest-293/test_run_only_filters_plan0/plan.toml) — fail (0.0s)
  failed: a
  sentrux: 2316 -> 2304

[2026-04-07 23:56:31Z] filter-test (/private/var/folders/dx/76plk8g915nf9t5jhg12p4kw0000gn/T/pytest-of-jakegearon/pytest-299/test_run_only_filters_plan0/plan.toml) — fail (0.0s)
  failed: a
  sentrux: 2304 -> 2304

[2026-04-07 23:59:28Z] plans/dogfood-debut (.dgov/plans/plans/dogfood-debut/_compiled.toml) — fail (15.76s)
  failed: tasks/dogfood.add-contributing
  durations: tasks/dogfood.add-contributing: 0.56s
  sentrux: 2316 -> 2304

[2026-04-08 00:00:39Z] plans/dogfood-debut (.dgov/plans/plans/dogfood-debut/_compiled.toml) — fail (0.0s)
  failed: tasks/dogfood.add-contributing
  sentrux: 2316 -> 2316

[2026-04-08 00:00:58Z] plans/dogfood-debut (.dgov/plans/plans/dogfood-debut/_compiled.toml) — fail (0.0s)
  failed: tasks/dogfood.add-contributing
  sentrux: 2316 -> 2304

[2026-04-08 00:01:46Z] plans/dogfood-debut (.dgov/plans/plans/dogfood-debut/_compiled.toml) — ok (23.22s)
  merged: tasks/dogfood.add-contributing-v2
  durations: tasks/dogfood.add-contributing-v2: 19.65s
  sentrux: 2304 -> 2316

[2026-04-08 00:41:53Z] filter-test (/private/var/folders/dx/76plk8g915nf9t5jhg12p4kw0000gn/T/pytest-of-jakegearon/pytest-305/test_run_only_filters_plan0/plan.toml) — fail (0.0s)
  failed: a
  sentrux: 2316 -> 2316

[2026-04-08 00:42:44Z] filter-test (/private/var/folders/dx/76plk8g915nf9t5jhg12p4kw0000gn/T/pytest-of-jakegearon/pytest-306/test_run_only_filters_plan0/plan.toml) — fail (0.0s)
  failed: a
  sentrux: 2316 -> 2304

[2026-04-08 01:09:20Z] alpha-debut (.dgov/plans/alpha-debut/_compiled.toml) — fail (54.62s)
  failed: docs/updates.bump-version, docs/updates.update-readme, quality/fix.fix-warnings, quality/hooks.expand-hooks
  durations: quality/fix.fix-warnings: 10.67s, docs/updates.update-readme: 8.54s, docs/updates.bump-version: 6.2s, quality/hooks.expand-hooks: 4.11s
  sentrux: 2316 -> 2316

[2026-04-08 01:12:19Z] alpha-debut (.dgov/plans/alpha-debut/_compiled.toml) — fail (10.55s)
  failed: docs/updates.bump-version, docs/updates.update-readme, quality/fix.fix-warnings, quality/hooks.expand-hooks
  durations: docs/updates.bump-version: 0.73s, quality/fix.fix-warnings: 2.39s, quality/hooks.expand-hooks: 4.21s, docs/updates.update-readme: 5.74s
  sentrux: 2304 -> 2304

[2026-04-08 02:24:53Z] filter-test (/private/var/folders/dx/76plk8g915nf9t5jhg12p4kw0000gn/T/pytest-of-jakegearon/pytest-308/test_run_only_filters_plan0/plan.toml) — fail (0.0s)
  failed: a
  sentrux: 2316 -> 2316

[2026-04-08 02:37:32Z] filter-test (/private/var/folders/dx/76plk8g915nf9t5jhg12p4kw0000gn/T/pytest-of-jakegearon/pytest-310/test_run_only_filters_plan0/plan.toml) — fail (0.0s)
  failed: a
  sentrux: 2304 -> 2316

[2026-04-08 02:38:21Z] filter-test (/private/var/folders/dx/76plk8g915nf9t5jhg12p4kw0000gn/T/pytest-of-jakegearon/pytest-311/test_run_only_filters_plan0/plan.toml) — fail (0.0s)
  failed: a
  sentrux: 2316 -> 2304

[2026-04-08 02:57:09Z] governor-ux (.dgov/plans/governor-ux/_compiled.toml) — ok (485.65s)
  merged: cli/prune.add-prune-cmd, cli/run.improve-failure-detail, docs/governor.add-workflow, prompt/worker.audit-system-prompt, tests/new-cmds.test-prune-cmd
  durations: docs/governor.add-workflow: 47.0s, prompt/worker.audit-system-prompt: 59.69s, cli/prune.add-prune-cmd: 82.99s, cli/run.improve-failure-detail: 186.77s, tests/new-cmds.test-prune-cmd: 198.58s
  sentrux: 2316 -> 2316

[2026-04-08 03:00:06Z] filter-test (/private/var/folders/dx/76plk8g915nf9t5jhg12p4kw0000gn/T/pytest-of-jakegearon/pytest-318/test_run_only_filters_plan0/plan.toml) — fail (0.0s)
  failed: a
  sentrux: 2304 -> 2316

[2026-04-08 03:01:16Z] filter-test (/private/var/folders/dx/76plk8g915nf9t5jhg12p4kw0000gn/T/pytest-of-jakegearon/pytest-319/test_run_only_filters_plan0/plan.toml) — fail (0.0s)
  failed: a
  sentrux: 2304 -> 2316

[2026-04-08 03:03:40Z] filter-test (/private/var/folders/dx/76plk8g915nf9t5jhg12p4kw0000gn/T/pytest-of-jakegearon/pytest-320/test_run_only_filters_plan0/plan.toml) — fail (0.0s)
  failed: a
  sentrux: 2316 -> 2304

[2026-04-08 03:14:40Z] filter-test (/private/var/folders/dx/76plk8g915nf9t5jhg12p4kw0000gn/T/pytest-of-jakegearon/pytest-323/test_run_only_filters_plan0/plan.toml) — fail (0.0s)
  failed: a
  sentrux: 2316 -> 2316

[2026-04-08 03:15:04Z] filter-test (/private/var/folders/dx/76plk8g915nf9t5jhg12p4kw0000gn/T/pytest-of-jakegearon/pytest-324/test_run_only_filters_plan0/plan.toml) — fail (0.0s)
  failed: a
  sentrux: 2304 -> 2316

[2026-04-08 03:17:54Z] stress-test (.dgov/plans/stress-test/_compiled.toml) — fail (19.7s)
  failed: scratch/files.write-constants, scratch/files.write-helpers, scratch/files.write-version-note
  durations: scratch/files.write-constants: 8.61s, scratch/files.write-helpers: 11.91s, scratch/files.write-version-note: 14.75s
  sentrux: 2304 -> 2304

[2026-04-08 03:22:47Z] stress-test (.dgov/plans/stress-test/_compiled.toml) — fail (111.96s)
  failed: scratch/files.write-constants, scratch/files.write-helpers, scratch/files.write-version-note
  durations: scratch/files.write-helpers: 10.06s, scratch/files.write-version-note: 43.47s, scratch/files.write-constants: 43.74s
  sentrux: 2304 -> 2316

[2026-04-08 03:25:30Z] stress-test (.dgov/plans/stress-test/_compiled.toml) — ok (36.94s)
  merged: scratch/files.write-alpha, scratch/files.write-beta, scratch/files.write-gamma, scratch/files.write-index
  durations: scratch/files.write-alpha: 7.94s, scratch/files.write-gamma: 10.01s, scratch/files.write-beta: 11.24s, scratch/files.write-index: 14.47s
  sentrux: 2304 -> 2304

[2026-04-08 04:00:17Z] filter-test (/private/var/folders/dx/76plk8g915nf9t5jhg12p4kw0000gn/T/pytest-of-jakegearon/pytest-332/test_run_only_filters_plan0/plan.toml) — fail (0.0s)
  failed: a
  sentrux: 2316 -> 2316

[2026-04-08 04:02:20Z] filter-test (/private/var/folders/dx/76plk8g915nf9t5jhg12p4kw0000gn/T/pytest-of-jakegearon/pytest-335/test_run_only_filters_plan0/plan.toml) — fail (0.0s)
  failed: a
  sentrux: 2304 -> 2304

[2026-04-08 04:32:59Z] dogfood-clean-cmd (.dgov/plans/dogfood-clean-cmd/tasks/clean.toml) — ok (155.34s)
  merged: add-clean-cmd
  durations: add-clean-cmd: 94.15s
  sentrux: 2316 -> None

[2026-04-08 13:38:53Z] filter-test (/private/var/folders/dx/76plk8g915nf9t5jhg12p4kw0000gn/T/pytest-of-jakegearon/pytest-341/test_run_only_filters_plan0/plan.toml) — fail (0.0s)
  failed: a
  sentrux: 2316 -> 2304

[2026-04-08 16:02:09Z] release-prep (.dgov/plans/release-prep/_compiled.toml) — ok (104.93s)
  merged: fixes/fix-run-type-errors.fix-type-errors
  durations: fixes/fix-run-type-errors.fix-type-errors: 55.89s
  sentrux: 2316 -> 2304

[2026-04-08 16:09:48Z] fix-ty-errors (.dgov/plans/fix-ty-errors/_compiled.toml) — fail (197.49s)
  merged: cli/fix-compile-init-types.fix-compile-init-types, cli/fix-plan-types.fix-plan-types, core/fix-runner-headless-types.fix-runner-headless-types
  failed: core/fix-kernel-taskstate.fix-kernel-taskstate
    error[core/fix-kernel-taskstate.fix-kernel-taskstate]: review:scope_violation — Touched unclaimed files: ['tests/test_actions.py']
  durations: cli/fix-plan-types.fix-plan-types: 22.4s, core/fix-kernel-taskstate.fix-kernel-taskstate: 54.38s, cli/fix-compile-init-types.fix-compile-init-types: 62.37s, core/fix-runner-headless-types.fix-runner-headless-types: 150.76s
  sentrux: 2304 -> 2304

[2026-04-08 17:45:09Z] v0.1-fixes (.dgov/plans/v0.1-fixes/_compiled.toml) — ok (111.55s)
  merged: fixes/all.add-ci, fixes/all.fix-gitignore-cleanup, fixes/all.fix-readme, fixes/all.fix-subprocess-os, fixes/all.fix-ty-kernel-runner, fixes/all.fix-ty-serializer-bundler, fixes/all.fix-ty-simple
  durations: fixes/all.fix-gitignore-cleanup: 10.72s, fixes/all.fix-readme: 17.14s, fixes/all.fix-ty-serializer-bundler: 22.96s, fixes/all.fix-subprocess-os: 30.89s, fixes/all.add-ci: 35.05s, fixes/all.fix-ty-simple: 66.27s, fixes/all.fix-ty-kernel-runner: 66.36s
  sentrux: 2304 -> 2304

[2026-04-08 18:01:04Z] unify-toolchain-config (.dgov/plans/unify-toolchain-config/_compiled.toml) — fail (182.27s)
  merged: impl/all.project-toml-type-check
  failed: impl/all.config-type-check-cmd
    error[impl/all.config-type-check-cmd]: Test failure:
t__() got an unexpected keyword argument 'type_check_cmd'
=========================== short test summary info ============================
FAILED tests/test_config.py::TestTypeCheckCmd::
  durations: impl/all.project-toml-type-check: 12.25s, impl/all.config-type-check-cmd: 55.3s
  sentrux: 2317 -> 2304

[2026-04-08 18:05:58Z] unify-toolchain-config (/Users/jakegearon/projects/dgov/.dgov/plans/unify-toolchain-config/_compiled.toml) — ok (82.16s)
  merged: impl/all.config-type-check-cmd, impl/all.project-toml-type-check
  durations: impl/all.config-type-check-cmd: 33.75s
  sentrux: 2317 -> 2316

[2026-04-08 18:09:54Z] toolchain-wire (/Users/jakegearon/projects/dgov/.dgov/plans/toolchain-wire/_compiled.toml) — ok (161.32s)
  merged: impl/all.settlement-type-check-gate, impl/all.worker-type-check-tool
  durations: impl/all.worker-type-check-tool: 53.53s, impl/all.settlement-type-check-gate: 61.98s
  sentrux: 2316 -> 2304

